2025-06-09 23:17:26.083 - app - INFO - 已登记声纹
2025-06-09 23:17:26.255 - app - INFO - 已登记声纹
2025-06-09 23:18:59.651 - app - INFO - 已登记声纹: tts0
2025-06-09 23:18:59.823 - app - INFO - 已登记声纹: tts1
2025-06-09 23:22:32.021 - app - INFO - 已登记声纹: tts0
2025-06-09 23:22:32.371 - app - INFO - 已登记声纹: tts1
2025-06-09 23:23:49.640 - app - INFO - 已登记声纹: tts0
2025-06-09 23:23:49.814 - app - INFO - 已登记声纹: tts1
2025-06-09 23:25:34.644 - app - INFO - 已登记声纹: tts0
2025-06-09 23:25:34.828 - app - INFO - 已登记声纹: tts1
2025-06-09 23:26:55.421 - app - INFO - 已登记声纹: tts0
2025-06-09 23:26:55.581 - app - INFO - 已登记声纹: tts1
2025-06-09 23:26:55.724 - app - INFO - 识别结果: test/test2.wav 属于 未知说话人
2025-06-09 23:26:55.724 - app - WARNING - 未匹配到可信说话人
2025-06-09 23:26:55.724 - app - INFO - 匹配分数: 0.6065 (阈值: 0.7)
2025-06-09 23:26:55.724 - app - INFO - 所有声纹对比分数:
2025-06-09 23:26:55.724 - app - INFO - tts0: 0.2970
2025-06-09 23:26:55.724 - app - INFO - tts1: 0.6065
2025-06-09 23:27:41.593 - app - INFO - 已登记声纹: tts0
2025-06-09 23:27:41.775 - app - INFO - 已登记声纹: tts1
2025-06-09 23:27:41.921 - app - INFO - 识别结果: test/test2.wav 属于 未知说话人
2025-06-09 23:27:41.921 - app - WARNING - 未匹配到可信说话人
2025-06-09 23:27:41.921 - app - INFO - 匹配分数: 0.6065 (阈值: 0.7)
2025-06-09 23:27:41.921 - app - INFO - 所有声纹对比分数:
2025-06-09 23:27:41.921 - app - INFO - tts0: 0.2970
2025-06-09 23:27:41.921 - app - INFO - tts1: 0.6065
2025-06-09 23:28:24.204 - app - INFO - 已登记声纹: tts0
2025-06-09 23:28:24.379 - app - INFO - 已登记声纹: tts1
2025-06-09 23:28:24.535 - app - INFO - 识别结果: test/test2.wav 属于 未知说话人
2025-06-09 23:28:24.535 - app - WARNING - 未匹配到可信说话人
2025-06-09 23:28:24.535 - app - INFO - 匹配分数: 0.6065 (阈值: 0.7)
2025-06-09 23:28:24.535 - app - INFO - 所有声纹对比分数:
2025-06-09 23:28:24.535 - app - INFO - tts0: 0.2970
2025-06-09 23:28:24.535 - app - INFO - tts1: 0.6065
2025-06-09 23:28:44.465 - app - INFO - 已登记声纹: tts0
2025-06-09 23:28:44.640 - app - INFO - 已登记声纹: tts1
2025-06-09 23:28:44.798 - app - INFO - 识别结果: test/test2.wav 属于 未知说话人
2025-06-09 23:28:44.798 - app - WARNING - 未匹配到可信说话人
2025-06-09 23:28:44.798 - app - INFO - 匹配分数: 0.6065 (阈值: 0.7)
2025-06-09 23:28:44.798 - app - INFO - 所有声纹对比分数:
2025-06-09 23:28:44.798 - app - INFO - tts0: 0.2970
2025-06-09 23:28:44.798 - app - INFO - tts1: 0.6065
2025-06-10 11:08:56.128 - app - INFO - 已登记声纹: tts0
2025-06-10 11:08:56.295 - app - INFO - 已登记声纹: tts1
2025-06-10 11:08:56.454 - app - INFO - 识别结果: test/test2.wav 属于 未知说话人
2025-06-10 11:08:56.455 - app - WARNING - 未匹配到可信说话人
2025-06-10 11:08:56.455 - app - INFO - 匹配分数: 0.6065 (阈值: 0.7)
2025-06-10 11:08:56.455 - app - INFO - 所有声纹对比分数:
2025-06-10 11:08:56.455 - app - INFO - tts0: 0.2970
2025-06-10 11:08:56.455 - app - INFO - tts1: 0.6065
2025-06-10 11:15:34.618 - app - INFO - 已登记声纹: tts0
2025-06-10 11:15:34.789 - app - INFO - 已登记声纹: tts1
2025-06-10 11:15:34.950 - app - INFO - 识别结果: test/test2.wav 属于 未知说话人
2025-06-10 11:15:34.951 - app - WARNING - 未匹配到可信说话人
2025-06-10 11:15:34.951 - app - INFO - 匹配分数: 0.6065 (阈值: 0.7)
2025-06-10 11:15:34.951 - app - INFO - 所有声纹对比分数:
2025-06-10 11:15:34.951 - app - INFO - tts0: 0.2970
2025-06-10 11:15:34.951 - app - INFO - tts1: 0.6065
2025-09-06 22:03:04.819 - app - INFO - 已登记声纹: tts0
2025-09-06 22:03:05.001 - app - INFO - 已登记声纹: tts1
2025-09-06 22:03:05.155 - app - INFO - 识别结果: test/test2.wav 属于 未知说话人
2025-09-06 22:03:05.156 - app - WARNING - 未匹配到可信说话人
2025-09-06 22:03:05.156 - app - INFO - 匹配分数: 0.6065 (阈值: 0.7)
2025-09-06 22:03:05.156 - app - INFO - 所有声纹对比分数:
2025-09-06 22:03:05.156 - app - INFO - tts0: 0.2970
2025-09-06 22:03:05.156 - app - INFO - tts1: 0.6065
